# JRE version: Java(TM) SE Runtime Environment (8.0_201-b09) (build 1.8.0_201-b09)
# Java VM: Java HotSpot(TM) 64-Bit Server VM (25.201-b09 mixed mode linux-amd64 compressed oops)
Heap:
 PSYoungGen      total 552448K, used 6396K [0x00000000d5580000, 0x00000000f9400000, 0x0000000100000000)
  eden space 516608K, 0% used [0x00000000d5580000,0x00000000d5580000,0x00000000f4e00000)
  from space 35840K, 17% used [0x00000000f4e00000,0x00000000f543f3a0,0x00000000f7100000)
  to   space 30720K, 0% used [0x00000000f7600000,0x00000000f7600000,0x00000000f9400000)
 ParOldGen       total 217600K, used 138058K [0x0000000080000000, 0x000000008d480000, 0x00000000d5580000)
  object space 217600K, 63% used [0x0000000080000000,0x00000000886d2ae0,0x000000008d480000)
 Metaspace       used 107836K, capacity 113816K, committed 114048K, reserved 1146880K
  class space    used 14597K, capacity 15742K, committed 15744K, reserved 1048576K
GC Heap History (10 events):
Event: 764.887 GC heap after
Heap after GC invocations=28 (full 4):
 PSYoungGen      total 387584K, used 18272K [0x00000000d5580000, 0x00000000f0080000, 0x0000000100000000)
  eden space 347648K, 0% used [0x00000000d5580000,0x00000000d5580000,0x00000000ea900000)
  from space 39936K, 45% used [0x00000000ece00000,0x00000000edfd80b8,0x00000000ef500000)
  to   space 37888K, 0% used [0x00000000ea900000,0x00000000ea900000,0x00000000ece00000)
 ParOldGen       total 217600K, used 111234K [0x0000000080000000, 0x000000008d480000, 0x00000000d5580000)
  object space 217600K, 51% used [0x0000000080000000,0x0000000086ca0880,0x000000008d480000)
 Metaspace       used 106359K, capacity 112126K, committed 112384K, reserved 1146880K
  class space    used 14478K, capacity 15575K, committed 15616K, reserved 1048576K
}
Event: 767.439 GC heap before
{Heap before GC invocations=29 (full 4):
 PSYoungGen      total 387584K, used 365920K [0x00000000d5580000, 0x00000000f0080000, 0x0000000100000000)
  eden space 347648K, 100% used [0x00000000d5580000,0x00000000ea900000,0x00000000ea900000)
  from space 39936K, 45% used [0x00000000ece00000,0x00000000edfd80b8,0x00000000ef500000)
  to   space 37888K, 0% used [0x00000000ea900000,0x00000000ea900000,0x00000000ece00000)
 ParOldGen       total 217600K, used 111234K [0x0000000080000000, 0x000000008d480000, 0x00000000d5580000)
  object space 217600K, 51% used [0x0000000080000000,0x0000000086ca0880,0x000000008d480000)
 Metaspace       used 106934K, capacity 112762K, committed 113024K, reserved 1146880K
  class space    used 14537K, capacity 15645K, committed 15744K, reserved 1048576K
Event: 768.027 GC heap after
Heap after GC invocations=29 (full 4):
 PSYoungGen      total 385536K, used 15734K [0x00000000d5580000, 0x00000000f3580000, 0x0000000100000000)
  eden space 347648K, 0% used [0x00000000d5580000,0x00000000d5580000,0x00000000ea900000)
  from space 37888K, 41% used [0x00000000ea900000,0x00000000eb85dba0,0x00000000ece00000)
  to   space 36352K, 0% used [0x00000000f1200000,0x00000000f1200000,0x00000000f3580000)
 ParOldGen       total 217600K, used 113423K [0x0000000080000000, 0x000000008d480000, 0x00000000d5580000)
  object space 217600K, 52% used [0x0000000080000000,0x0000000086ec3de0,0x000000008d480000)
 Metaspace       used 106934K, capacity 112762K, committed 113024K, reserved 1146880K
  class space    used 14537K, capacity 15645K, committed 15744K, reserved 1048576K
}
Event: 777.884 GC heap before
{Heap before GC invocations=30 (full 4):
 PSYoungGen      total 385536K, used 363382K [0x00000000d5580000, 0x00000000f3580000, 0x0000000100000000)
  eden space 347648K, 100% used [0x00000000d5580000,0x00000000ea900000,0x00000000ea900000)
  from space 37888K, 41% used [0x00000000ea900000,0x00000000eb85dba0,0x00000000ece00000)
  to   space 36352K, 0% used [0x00000000f1200000,0x00000000f1200000,0x00000000f3580000)
 ParOldGen       total 217600K, used 113423K [0x0000000080000000, 0x000000008d480000, 0x00000000d5580000)
  object space 217600K, 52% used [0x0000000080000000,0x0000000086ec3de0,0x000000008d480000)
 Metaspace       used 106970K, capacity 112828K, committed 113024K, reserved 1146880K
  class space    used 14542K, capacity 15646K, committed 15744K, reserved 1048576K
Event: 785.741 GC heap after
Heap after GC invocations=30 (full 4):
 PSYoungGen      total 455168K, used 9585K [0x00000000d5580000, 0x00000000f4500000, 0x0000000100000000)
  eden space 418816K, 0% used [0x00000000d5580000,0x00000000d5580000,0x00000000eee80000)
  from space 36352K, 26% used [0x00000000f1200000,0x00000000f1b5c5c8,0x00000000f3580000)
  to   space 36352K, 0% used [0x00000000eee80000,0x00000000eee80000,0x00000000f1200000)
 ParOldGen       total 217600K, used 124303K [0x0000000080000000, 0x000000008d480000, 0x00000000d5580000)
  object space 217600K, 57% used [0x0000000080000000,0x0000000087963fe0,0x000000008d480000)
 Metaspace       used 106970K, capacity 112828K, committed 113024K, reserved 1146880K
  class space    used 14542K, capacity 15646K, committed 15744K, reserved 1048576K
}
Event: 789.065 GC heap before
{Heap before GC invocations=31 (full 4):
 PSYoungGen      total 455168K, used 428401K [0x00000000d5580000, 0x00000000f4500000, 0x0000000100000000)
  eden space 418816K, 100% used [0x00000000d5580000,0x00000000eee80000,0x00000000eee80000)
  from space 36352K, 26% used [0x00000000f1200000,0x00000000f1b5c5c8,0x00000000f3580000)
  to   space 36352K, 0% used [0x00000000eee80000,0x00000000eee80000,0x00000000f1200000)
 ParOldGen       total 217600K, used 124303K [0x0000000080000000, 0x000000008d480000, 0x00000000d5580000)
  object space 217600K, 57% used [0x0000000080000000,0x0000000087963fe0,0x000000008d480000)
 Metaspace       used 107554K, capacity 113536K, committed 113792K, reserved 1146880K
  class space    used 14597K, capacity 15742K, committed 15744K, reserved 1048576K
Event: 789.352 GC heap after
Heap after GC invocations=31 (full 4):
 PSYoungGen      total 455168K, used 6565K [0x00000000d5580000, 0x00000000f9980000, 0x0000000100000000)
  eden space 418816K, 0% used [0x00000000d5580000,0x00000000d5580000,0x00000000eee80000)
  from space 36352K, 18% used [0x00000000eee80000,0x00000000ef4e9678,0x00000000f1200000)
  to   space 36352K, 0% used [0x00000000f7600000,0x00000000f7600000,0x00000000f9980000)
 ParOldGen       total 217600K, used 129268K [0x0000000080000000, 0x000000008d480000, 0x00000000d5580000)
  object space 217600K, 59% used [0x0000000080000000,0x0000000087e3d040,0x000000008d480000)
 Metaspace       used 107554K, capacity 113536K, committed 113792K, reserved 1146880K
  class space    used 14597K, capacity 15742K, committed 15744K, reserved 1048576K
}
Event: 792.290 GC heap before
{Heap before GC invocations=32 (full 4):
 PSYoungGen      total 455168K, used 425381K [0x00000000d5580000, 0x00000000f9980000, 0x0000000100000000)
  eden space 418816K, 100% used [0x00000000d5580000,0x00000000eee80000,0x00000000eee80000)
  from space 36352K, 18% used [0x00000000eee80000,0x00000000ef4e9678,0x00000000f1200000)
  to   space 36352K, 0% used [0x00000000f7600000,0x00000000f7600000,0x00000000f9980000)
 ParOldGen       total 217600K, used 129268K [0x0000000080000000, 0x000000008d480000, 0x00000000d5580000)
  object space 217600K, 59% used [0x0000000080000000,0x0000000087e3d040,0x000000008d480000)
 Metaspace       used 107712K, capacity 113748K, committed 113792K, reserved 1146880K
  class space    used 14597K, capacity 15742K, committed 15744K, reserved 1048576K
Event: 792.367 GC heap after
Heap after GC invocations=32 (full 4):
 PSYoungGen      total 547328K, used 5453K [0x00000000d5580000, 0x00000000f9400000, 0x0000000100000000)
  eden space 516608K, 0% used [0x00000000d5580000,0x00000000d5580000,0x00000000f4e00000)
  from space 30720K, 17% used [0x00000000f7600000,0x00000000f7b53430,0x00000000f9400000)
  to   space 35840K, 0% used [0x00000000f4e00000,0x00000000f4e00000,0x00000000f7100000)
 ParOldGen       total 217600K, used 134357K [0x0000000080000000, 0x000000008d480000, 0x00000000d5580000)
  object space 217600K, 61% used [0x0000000080000000,0x0000000088335738,0x000000008d480000)
 Metaspace       used 107712K, capacity 113748K, committed 113792K, reserved 1146880K
  class space    used 14597K, capacity 15742K, committed 15744K, reserved 1048576K
}
Event: 807.901 GC heap before
{Heap before GC invocations=33 (full 4):
 PSYoungGen      total 547328K, used 522061K [0x00000000d5580000, 0x00000000f9400000, 0x0000000100000000)
  eden space 516608K, 100% used [0x00000000d5580000,0x00000000f4e00000,0x00000000f4e00000)
  from space 30720K, 17% used [0x00000000f7600000,0x00000000f7b53430,0x00000000f9400000)
  to   space 35840K, 0% used [0x00000000f4e00000,0x00000000f4e00000,0x00000000f7100000)
 ParOldGen       total 217600K, used 134357K [0x0000000080000000, 0x000000008d480000, 0x00000000d5580000)
  object space 217600K, 61% used [0x0000000080000000,0x0000000088335738,0x000000008d480000)
 Metaspace       used 107836K, capacity 113816K, committed 114048K, reserved 1146880K
  class space    used 14597K, capacity 15742K, committed 15744K, reserved 1048576K

